=== ERRORES DE PROCESAMIENTO CSV ===
Fecha: 2025-09-29 11:21:22
Total errores: 5

Línea 2: Error al procesar - For input string: "1,"Electronica""
Línea 3: Error al procesar - For input string: "2,"Ropa""
Línea 4: Error al procesar - For input string: "3,"Informatica""
Línea 5: Error al procesar - For input string: "4,"Hogar""
Línea 6: Error al procesar - For input string: "5,"Alimentacion""

==================================================

=== ERRORES DE PROCESAMIENTO CSV ===
Fecha: 2025-09-29 11:44:00
Total errores: 5

Línea 2: Error al procesar - For input string: "1,"Electronica""
Línea 3: Error al procesar - For input string: "2,"Ropa""
Línea 4: Error al procesar - For input string: "3,"Informatica""
Línea 5: Error al procesar - For input string: "4,"Hogar""
Línea 6: Error al procesar - For input string: "5,"Alimentacion""

==================================================

=== ERRORES DE PROCESAMIENTO CSV ===
Fecha: 2025-09-29 11:44:10
Total errores: 5

Línea 2: Error al procesar - For input string: "1,"Electronica""
Línea 3: Error al procesar - For input string: "2,"Ropa""
Línea 4: Error al procesar - For input string: "3,"Informatica""
Línea 5: Error al procesar - For input string: "4,"Hogar""
Línea 6: Error al procesar - For input string: "5,"Alimentacion""

==================================================

=== ERRORES DE PROCESAMIENTO CSV ===
Fecha: 2025-09-29 12:17:11
Total errores: 5

Línea 2: Error al procesar - For input string: "1,"Electronica""
Línea 3: Error al procesar - For input string: "2,"Ropa""
Línea 4: Error al procesar - For input string: "3,"Informatica""
Línea 5: Error al procesar - For input string: "4,"Hogar""
Línea 6: Error al procesar - For input string: "5,"Alimentacion""

==================================================

=== ERRORES DE PROCESAMIENTO CSV ===
Fecha: 2025-09-29 12:24:41
Total errores: 5

Línea 2: Error al procesar - For input string: "1,"Electronica""
Línea 3: Error al procesar - For input string: "2,"Ropa""
Línea 4: Error al procesar - For input string: "3,"Informatica""
Línea 5: Error al procesar - For input string: "4,"Hogar""
Línea 6: Error al procesar - For input string: "5,"Alimentacion""

==================================================

=== ERRORES DE PROCESAMIENTO CSV ===
Fecha: 2025-09-29 12:25:19
Total errores: 5

Línea 2: Error al procesar - For input string: "1,"Electronica""
Línea 3: Error al procesar - For input string: "2,"Ropa""
Línea 4: Error al procesar - For input string: "3,"Informatica""
Línea 5: Error al procesar - For input string: "4,"Hogar""
Línea 6: Error al procesar - For input string: "5,"Alimentacion""

==================================================

=== ERRORES DE PROCESAMIENTO CSV ===
Fecha: 2025-09-29 12:30:17
Total errores: 5

Línea 2: Error al procesar - For input string: "1,"Electronica""
Línea 3: Error al procesar - For input string: "2,"Ropa""
Línea 4: Error al procesar - For input string: "3,"Informatica""
Línea 5: Error al procesar - For input string: "4,"Hogar""
Línea 6: Error al procesar - For input string: "5,"Alimentacion""

==================================================

=== ERRORES DE PROCESAMIENTO CSV ===
Fecha: 2025-09-29 12:35:53
Total errores: 5

Línea 2: Error al procesar - For input string: "1,"Electronica""
Línea 3: Error al procesar - For input string: "2,"Ropa""
Línea 4: Error al procesar - For input string: "3,"Informatica""
Línea 5: Error al procesar - For input string: "4,"Hogar""
Línea 6: Error al procesar - For input string: "5,"Alimentacion""

==================================================

=== ERRORES DE PROCESAMIENTO CSV ===
Fecha: 2025-09-29 12:43:31
Total errores: 5

Línea 2: Error al procesar - For input string: "1,"Electronica""
Línea 3: Error al procesar - For input string: "2,"Ropa""
Línea 4: Error al procesar - For input string: "3,"Informatica""
Línea 5: Error al procesar - For input string: "4,"Hogar""
Línea 6: Error al procesar - For input string: "5,"Alimentacion""

==================================================

=== ERRORES DE PROCESAMIENTO CSV ===
Fecha: 2025-09-30 14:43:29
Total errores: 5

Línea 2: Error al procesar - For input string: "1,"Electronica""
Línea 3: Error al procesar - For input string: "2,"Ropa""
Línea 4: Error al procesar - For input string: "3,"Informatica""
Línea 5: Error al procesar - For input string: "4,"Hogar""
Línea 6: Error al procesar - For input string: "5,"Alimentacion""

==================================================

=== ERRORES DE PROCESAMIENTO CSV ===
Fecha: 2025-09-30 14:46:35
Total errores: 5

Línea 2: Error al procesar - For input string: "1,"Electronica""
Línea 3: Error al procesar - For input string: "2,"Ropa""
Línea 4: Error al procesar - For input string: "3,"Informatica""
Línea 5: Error al procesar - For input string: "4,"Hogar""
Línea 6: Error al procesar - For input string: "5,"Alimentacion""

==================================================

=== ERRORES DE PROCESAMIENTO CSV ===
Fecha: 2025-09-30 15:02:41
Total errores: 5

Línea 2: Error al procesar - For input string: "1,"Electronica""
Línea 3: Error al procesar - For input string: "2,"Ropa""
Línea 4: Error al procesar - For input string: "3,"Informatica""
Línea 5: Error al procesar - For input string: "4,"Hogar""
Línea 6: Error al procesar - For input string: "5,"Alimentacion""

==================================================

=== ERRORES DE PROCESAMIENTO CSV ===
Fecha: 2025-10-20 18:50:38
Total errores: 5

Línea 2: Error al procesar - For input string: "1,"Electronica""
Línea 3: Error al procesar - For input string: "2,"Ropa""
Línea 4: Error al procesar - For input string: "3,"Informatica""
Línea 5: Error al procesar - For input string: "4,"Hogar""
Línea 6: Error al procesar - For input string: "5,"Alimentacion""

==================================================

