[2025-10-02 18:57:39] INFO  com.inventario.Main - Iniciando Sistema de Inventario
[2025-10-02 18:57:39] INFO  com.inventario.Main - Inicializando servicios...
[2025-10-02 18:57:39] INFO  com.inventario.util.DatabaseConfig - Configuración de base de datos inicializada: mysql:3306/inventario_db
[2025-10-02 18:57:39] INFO  com.inventario.Main - Servicios inicializados correctamente
[2025-10-02 18:57:39] INFO  com.inventario.Main - Verificando conexión a la base de datos...
[2025-10-02 18:57:40] INFO  com.inventario.Main - Conexión a la base de datos establecida correctamente
[2025-10-02 18:57:40] INFO  com.inventario.Main - Verificando si es necesario cargar datos iniciales...
[2025-10-02 18:57:40] INFO  com.inventario.Main - Los datos ya existen. Productos en BD: 999. Saltando carga de CSV.
[2025-10-02 19:09:34] INFO  com.inventario.Main - Iniciando Sistema de Inventario
[2025-10-02 19:09:34] INFO  com.inventario.Main - Inicializando servicios...
[2025-10-02 19:09:34] INFO  com.inventario.util.DatabaseConfig - Configuración de base de datos inicializada: mysql:3306/inventario_db
[2025-10-02 19:09:34] INFO  com.inventario.Main - Servicios inicializados correctamente
[2025-10-02 19:09:34] INFO  com.inventario.Main - Verificando conexión a la base de datos...
[2025-10-02 19:09:34] INFO  com.inventario.Main - Conexión a la base de datos establecida correctamente
[2025-10-02 19:09:34] INFO  com.inventario.Main - Verificando si es necesario cargar datos iniciales...
[2025-10-02 19:09:35] INFO  com.inventario.Main - Los datos ya existen. Productos en BD: 999. Saltando carga de CSV.
[2025-10-02 19:10:39] INFO  com.inventario.util.LogUtil - OPERACIÓN EXITOSA - ACTUALIZAR_CATEGORIA: Categoría actualizada: Deportes (ID: 6)
[2025-10-02 19:10:39] INFO  com.inventario.util.LogUtil - OPERACIÓN EXITOSA - ACTUALIZAR_CATEGORIA: Categoría actualizada: Deportes (ID: 6)
[2025-10-02 19:10:50] INFO  com.inventario.Main - Sistema de Inventario finalizado
[2025-10-20 18:47:26] INFO  com.inventario.Main - Iniciando Sistema de Inventario
[2025-10-20 18:47:26] INFO  com.inventario.Main - Inicializando servicios...
[2025-10-20 18:47:26] INFO  com.inventario.util.DatabaseConfig - Configuración de base de datos inicializada: mysql:3306/inventario_db
[2025-10-20 18:47:26] INFO  com.inventario.Main - Servicios inicializados correctamente
[2025-10-20 18:47:26] INFO  com.inventario.Main - Verificando conexión a la base de datos...
[2025-10-20 18:47:30] ERROR com.inventario.util.DatabaseConfig - Error al conectar con la base de datos: Could not create connection to database server. Attempted reconnect 3 times. Giving up.
[2025-10-20 18:47:30] ERROR com.inventario.util.DatabaseConfig - Test de conexión fallido: Could not create connection to database server. Attempted reconnect 3 times. Giving up.
[2025-10-20 18:47:30] ERROR com.inventario.Main - Error al conectar con la base de datos
[2025-10-20 18:47:30] ERROR com.inventario.Main - No se pudo conectar a la base de datos. Saliendo...
[2025-10-20 18:47:30] INFO  com.inventario.Main - Sistema de Inventario finalizado
[2025-10-20 18:50:37] INFO  com.inventario.Main - Iniciando Sistema de Inventario
[2025-10-20 18:50:37] INFO  com.inventario.Main - Inicializando servicios...
[2025-10-20 18:50:37] INFO  com.inventario.util.DatabaseConfig - Configuración de base de datos inicializada: mysql:3306/inventario_db
[2025-10-20 18:50:37] INFO  com.inventario.Main - Servicios inicializados correctamente
[2025-10-20 18:50:37] INFO  com.inventario.Main - Verificando conexión a la base de datos...
[2025-10-20 18:50:37] INFO  com.inventario.Main - Conexión a la base de datos establecida correctamente
[2025-10-20 18:50:37] INFO  com.inventario.Main - Verificando si es necesario cargar datos iniciales...
[2025-10-20 18:50:38] INFO  com.inventario.Main - Cargando datos iniciales desde archivos CSV...
[2025-10-20 18:50:38] INFO  c.i.s.impl.InventarioServiceImpl - Iniciando carga de categorías desde CSV: data/categorias.csv
[2025-10-20 18:50:38] INFO  com.inventario.util.CsvUtil - Headers detectados en el archivo: [id_categoria, nombre, descripcion]
[2025-10-20 18:50:38] INFO  com.inventario.util.CsvUtil - Buscando columnas requeridas: [nombre, descripcion]
[2025-10-20 18:50:38] INFO  com.inventario.util.CsvUtil - Iniciando lectura de categorías desde: data/categorias.csv
[2025-10-20 18:50:38] ERROR com.inventario.util.CsvUtil - Línea 2: Error al procesar - For input string: "1,"Electronica""
java.lang.NumberFormatException: For input string: "1,"Electronica""
	at java.base/java.lang.NumberFormatException.forInputString(NumberFormatException.java:67)
	at java.base/java.lang.Integer.parseInt(Integer.java:668)
	at java.base/java.lang.Integer.parseInt(Integer.java:786)
	at com.inventario.util.CsvUtil.parsearCategoria(CsvUtil.java:185)
	at com.inventario.util.CsvUtil.leerCategoriasCSV(CsvUtil.java:102)
	at com.inventario.service.impl.InventarioServiceImpl.cargarCategoriasDesdeCSV(InventarioServiceImpl.java:249)
	at com.inventario.Main.cargarDatosIniciales(Main.java:94)
	at com.inventario.Main.main(Main.java:42)
	at org.codehaus.mojo.exec.ExecJavaMojo$1.run(ExecJavaMojo.java:279)
	at java.base/java.lang.Thread.run(Thread.java:833)
[2025-10-20 18:50:38] ERROR com.inventario.util.CsvUtil - Línea 3: Error al procesar - For input string: "2,"Ropa""
java.lang.NumberFormatException: For input string: "2,"Ropa""
	at java.base/java.lang.NumberFormatException.forInputString(NumberFormatException.java:67)
	at java.base/java.lang.Integer.parseInt(Integer.java:668)
	at java.base/java.lang.Integer.parseInt(Integer.java:786)
	at com.inventario.util.CsvUtil.parsearCategoria(CsvUtil.java:185)
	at com.inventario.util.CsvUtil.leerCategoriasCSV(CsvUtil.java:102)
	at com.inventario.service.impl.InventarioServiceImpl.cargarCategoriasDesdeCSV(InventarioServiceImpl.java:249)
	at com.inventario.Main.cargarDatosIniciales(Main.java:94)
	at com.inventario.Main.main(Main.java:42)
	at org.codehaus.mojo.exec.ExecJavaMojo$1.run(ExecJavaMojo.java:279)
	at java.base/java.lang.Thread.run(Thread.java:833)
[2025-10-20 18:50:38] ERROR com.inventario.util.CsvUtil - Línea 4: Error al procesar - For input string: "3,"Informatica""
java.lang.NumberFormatException: For input string: "3,"Informatica""
	at java.base/java.lang.NumberFormatException.forInputString(NumberFormatException.java:67)
	at java.base/java.lang.Integer.parseInt(Integer.java:668)
	at java.base/java.lang.Integer.parseInt(Integer.java:786)
	at com.inventario.util.CsvUtil.parsearCategoria(CsvUtil.java:185)
	at com.inventario.util.CsvUtil.leerCategoriasCSV(CsvUtil.java:102)
	at com.inventario.service.impl.InventarioServiceImpl.cargarCategoriasDesdeCSV(InventarioServiceImpl.java:249)
	at com.inventario.Main.cargarDatosIniciales(Main.java:94)
	at com.inventario.Main.main(Main.java:42)
	at org.codehaus.mojo.exec.ExecJavaMojo$1.run(ExecJavaMojo.java:279)
	at java.base/java.lang.Thread.run(Thread.java:833)
[2025-10-20 18:50:38] ERROR com.inventario.util.CsvUtil - Línea 5: Error al procesar - For input string: "4,"Hogar""
java.lang.NumberFormatException: For input string: "4,"Hogar""
	at java.base/java.lang.NumberFormatException.forInputString(NumberFormatException.java:67)
	at java.base/java.lang.Integer.parseInt(Integer.java:668)
	at java.base/java.lang.Integer.parseInt(Integer.java:786)
	at com.inventario.util.CsvUtil.parsearCategoria(CsvUtil.java:185)
	at com.inventario.util.CsvUtil.leerCategoriasCSV(CsvUtil.java:102)
	at com.inventario.service.impl.InventarioServiceImpl.cargarCategoriasDesdeCSV(InventarioServiceImpl.java:249)
	at com.inventario.Main.cargarDatosIniciales(Main.java:94)
	at com.inventario.Main.main(Main.java:42)
	at org.codehaus.mojo.exec.ExecJavaMojo$1.run(ExecJavaMojo.java:279)
	at java.base/java.lang.Thread.run(Thread.java:833)
[2025-10-20 18:50:38] ERROR com.inventario.util.CsvUtil - Línea 6: Error al procesar - For input string: "5,"Alimentacion""
java.lang.NumberFormatException: For input string: "5,"Alimentacion""
	at java.base/java.lang.NumberFormatException.forInputString(NumberFormatException.java:67)
	at java.base/java.lang.Integer.parseInt(Integer.java:668)
	at java.base/java.lang.Integer.parseInt(Integer.java:786)
	at com.inventario.util.CsvUtil.parsearCategoria(CsvUtil.java:185)
	at com.inventario.util.CsvUtil.leerCategoriasCSV(CsvUtil.java:102)
	at com.inventario.service.impl.InventarioServiceImpl.cargarCategoriasDesdeCSV(InventarioServiceImpl.java:249)
	at com.inventario.Main.cargarDatosIniciales(Main.java:94)
	at com.inventario.Main.main(Main.java:42)
	at org.codehaus.mojo.exec.ExecJavaMojo$1.run(ExecJavaMojo.java:279)
	at java.base/java.lang.Thread.run(Thread.java:833)
[2025-10-20 18:50:38] INFO  com.inventario.util.CsvUtil - Lectura completada. Categorías válidas: 0, Errores: 5
[2025-10-20 18:50:38] INFO  com.inventario.util.LogUtil - Errores guardados en archivo: logs/categorias_errores.log
[2025-10-20 18:50:38] WARN  com.inventario.util.LogUtil - ADVERTENCIA - CARGAR_CATEGORIAS_CSV: No se encontraron categorías válidas en el archivo
[2025-10-20 18:50:38] INFO  com.inventario.Main - Categorías cargadas: 0
[2025-10-20 18:50:38] INFO  c.i.s.impl.InventarioServiceImpl - Iniciando carga de productos desde CSV: data/productos.csv
[2025-10-20 18:50:38] INFO  com.inventario.util.CsvUtil - Headers detectados en el archivo: [id_producto, nombre, categoria, precio, stock]
[2025-10-20 18:50:38] INFO  com.inventario.util.CsvUtil - Buscando columnas requeridas: [id_producto, nombre, categoria, precio, stock]
[2025-10-20 18:50:38] INFO  com.inventario.util.CsvUtil - Iniciando lectura de productos desde: data/productos.csv
[2025-10-20 18:50:38] INFO  com.inventario.util.CsvUtil - Lectura completada. Productos válidos: 1000, Errores: 0
[2025-10-20 18:50:38] INFO  com.inventario.util.LogUtil - OPERACIÓN EXITOSA - CREAR_CATEGORIA: Categoría creada: Deportes (ID: 6)
[2025-10-20 18:50:38] INFO  c.i.s.impl.InventarioServiceImpl - Categoría creada: Deportes
[2025-10-20 18:50:38] INFO  com.inventario.util.LogUtil - OPERACIÓN EXITOSA - CREAR_CATEGORIA: Categoría creada: Juguetes (ID: 7)
[2025-10-20 18:50:38] INFO  c.i.s.impl.InventarioServiceImpl - Categoría creada: Juguetes
[2025-10-20 18:50:38] INFO  com.inventario.util.LogUtil - OPERACIÓN EXITOSA - CREAR_CATEGORIA: Categoría creada: Libros (ID: 8)
[2025-10-20 18:50:38] INFO  c.i.s.impl.InventarioServiceImpl - Categoría creada: Libros
[2025-10-20 18:50:39] INFO  com.inventario.util.LogUtil - OPERACIÓN EXITOSA - CREAR_MULTIPLES_PRODUCTOS: Creados 1000 de 1000 productos
[2025-10-20 18:50:39] INFO  com.inventario.util.LogUtil - OPERACIÓN EXITOSA - CARGAR_PRODUCTOS_CSV: Cargados 1000 productos
[2025-10-20 18:50:39] INFO  com.inventario.Main - Productos cargados: 1000
[2025-10-20 18:50:47] INFO  com.inventario.Main - Iniciando Sistema de Inventario
[2025-10-20 18:50:47] INFO  com.inventario.Main - Inicializando servicios...
[2025-10-20 18:50:47] INFO  com.inventario.util.DatabaseConfig - Configuración de base de datos inicializada: mysql:3306/inventario_db
[2025-10-20 18:50:47] INFO  com.inventario.Main - Servicios inicializados correctamente
[2025-10-20 18:50:47] INFO  com.inventario.Main - Verificando conexión a la base de datos...
[2025-10-20 18:50:47] INFO  com.inventario.Main - Conexión a la base de datos establecida correctamente
[2025-10-20 18:50:47] INFO  com.inventario.Main - Verificando si es necesario cargar datos iniciales...
[2025-10-20 18:50:47] INFO  com.inventario.Main - Los datos ya existen. Productos en BD: 1000. Saltando carga de CSV.
[2025-10-20 19:14:27] INFO  com.inventario.Main - Sistema de Inventario finalizado
[2025-10-20 22:49:23] INFO  com.inventario.Main - Iniciando Sistema de Inventario
[2025-10-20 22:49:23] INFO  com.inventario.Main - Inicializando servicios...
[2025-10-20 22:49:23] INFO  com.inventario.util.DatabaseConfig - Configuración de base de datos inicializada: localhost:3306/inventario_db
[2025-10-20 22:49:23] INFO  com.inventario.Main - Servicios inicializados correctamente
[2025-10-20 22:49:23] INFO  com.inventario.Main - Verificando conexión a la base de datos...
[2025-10-20 22:49:27] ERROR com.inventario.util.DatabaseConfig - Error al conectar con la base de datos: Could not create connection to database server. Attempted reconnect 3 times. Giving up.
[2025-10-20 22:49:27] ERROR com.inventario.util.DatabaseConfig - Test de conexión fallido: Could not create connection to database server. Attempted reconnect 3 times. Giving up.
[2025-10-20 22:49:27] ERROR com.inventario.Main - Error al conectar con la base de datos
[2025-10-20 22:49:27] ERROR com.inventario.Main - No se pudo conectar a la base de datos. Saliendo...
[2025-10-20 22:49:27] INFO  com.inventario.Main - Sistema de Inventario finalizado
